2024-10-27 00:54:47,044 - INFO - [app.py:84] - Logging system initialized successfully
2024-10-27 00:54:47,839 - ERROR - [app.py:105] - Error in game_loop: name 'render_frame' is not defined
Traceback (most recent call last):
  File "/Users/jookburleson/Documents/GitHub/MVT_Nexus/python-maze-solver/app.py", line 103, in wrapper
    return func(*args, **kwargs)
           ^^^^^^^^^^^^^^^^^^^^^
  File "/Users/jookburleson/Documents/GitHub/MVT_Nexus/python-maze-solver/app.py", line 402, in game_loop
    render_frame(renderer)
    ^^^^^^^^^^^^
NameError: name 'render_frame' is not defined
2024-10-27 00:56:04,962 - INFO - [app.py:84] - Logging system initialized successfully
2024-10-27 00:56:05,703 - ERROR - [app.py:105] - Error in game_loop: name 'render_frame' is not defined
Traceback (most recent call last):
  File "/Users/jookburleson/Documents/GitHub/MVT_Nexus/python-maze-solver/app.py", line 103, in wrapper
    return func(*args, **kwargs)
           ^^^^^^^^^^^^^^^^^^^^^
  File "/Users/jookburleson/Documents/GitHub/MVT_Nexus/python-maze-solver/app.py", line 479, in game_loop
    render_frame(renderer)
    ^^^^^^^^^^^^
NameError: name 'render_frame' is not defined
2024-10-27 00:58:39,935 - INFO - [app.py:84] - Logging system initialized successfully
2024-10-27 00:59:18,552 - INFO - [app.py:84] - Logging system initialized successfully
2024-10-27 01:01:53,594 - INFO - [app.py:84] - Logging system initialized successfully
2024-10-27 01:01:54,584 - ERROR - [app.py:466] - Error in render_frame: name 'ThemeManager' is not defined
2024-10-27 01:01:54,585 - ERROR - [app.py:105] - Error in render_frame: name 'ThemeManager' is not defined
Traceback (most recent call last):
  File "/Users/jookburleson/Documents/GitHub/MVT_Nexus/python-maze-solver/app.py", line 103, in wrapper
    return func(*args, **kwargs)
           ^^^^^^^^^^^^^^^^^^^^^
  File "/Users/jookburleson/Documents/GitHub/MVT_Nexus/python-maze-solver/app.py", line 427, in render_frame
    screen.fill(ThemeManager.get_theme(state.current_theme).colors["background"])
                ^^^^^^^^^^^^
NameError: name 'ThemeManager' is not defined
2024-10-27 01:01:54,590 - ERROR - [app.py:105] - Error in game_loop: name 'ThemeManager' is not defined
Traceback (most recent call last):
  File "/Users/jookburleson/Documents/GitHub/MVT_Nexus/python-maze-solver/app.py", line 103, in wrapper
    return func(*args, **kwargs)
           ^^^^^^^^^^^^^^^^^^^^^
  File "/Users/jookburleson/Documents/GitHub/MVT_Nexus/python-maze-solver/app.py", line 487, in game_loop
    render_frame(renderer)
  File "/Users/jookburleson/Documents/GitHub/MVT_Nexus/python-maze-solver/app.py", line 103, in wrapper
    return func(*args, **kwargs)
           ^^^^^^^^^^^^^^^^^^^^^
  File "/Users/jookburleson/Documents/GitHub/MVT_Nexus/python-maze-solver/app.py", line 427, in render_frame
    screen.fill(ThemeManager.get_theme(state.current_theme).colors["background"])
                ^^^^^^^^^^^^
NameError: name 'ThemeManager' is not defined
2024-10-27 01:03:59,573 - INFO - [app.py:85] - Logging system initialized successfully
2024-10-27 01:05:33,920 - INFO - [app.py:85] - Logging system initialized successfully
2024-10-27 01:05:38,329 - INFO - [app.py:349] - Generating new maze
2024-10-27 01:05:42,430 - INFO - [app.py:354] - Solving maze
2024-10-27 01:05:42,980 - INFO - [app.py:362] - Maze reset
2024-10-27 01:05:43,161 - INFO - [app.py:362] - Maze reset
2024-10-27 01:09:12,081 - INFO - [app.py:86] - Logging system initialized successfully
2024-10-27 01:09:15,645 - INFO - [app.py:365] - Generated maze using DFS
2024-10-27 01:09:16,928 - ERROR - [app.py:107] - Error in game_loop: object of type 'NoneType' has no len()
Traceback (most recent call last):
  File "/Users/jookburleson/Documents/GitHub/MVT_Nexus/python-maze-solver/app.py", line 105, in wrapper
    return func(*args, **kwargs)
           ^^^^^^^^^^^^^^^^^^^^^
  File "/Users/jookburleson/Documents/GitHub/MVT_Nexus/python-maze-solver/app.py", line 607, in game_loop
    renderer.control_panel.handle_event(event)
  File "/Users/jookburleson/Documents/GitHub/MVT_Nexus/python-maze-solver/app.py", line 347, in handle_event
    if button.handle_event(event):
       ^^^^^^^^^^^^^^^^^^^^^^^^^^
  File "/Users/jookburleson/Documents/GitHub/MVT_Nexus/python-maze-solver/app.py", line 268, in handle_event
    self.action()
  File "/Users/jookburleson/Documents/GitHub/MVT_Nexus/python-maze-solver/app.py", line 385, in solve_maze
    state.stats["path_length"] = len(state.solution_path)
                                 ^^^^^^^^^^^^^^^^^^^^^^^^
TypeError: object of type 'NoneType' has no len()
2024-10-27 01:12:54,258 - INFO - [<ipython-input-1-0e1b8b8a1f73>:86] - Logging system initialized successfully
2024-10-27 01:12:55,117 - ERROR - [<ipython-input-1-0e1b8b8a1f73>:107] - Error in game_loop: Can't instantiate abstract class PrimMazeGenerator without an implementation for abstract method 'solve'
Traceback (most recent call last):
  File "<ipython-input-1-0e1b8b8a1f73>", line 105, in wrapper
    return func(*args, **kwargs)
           ^^^^^^^^^^^^^^^^^^^^^
  File "<ipython-input-1-0e1b8b8a1f73>", line 667, in game_loop
    renderer = MazeRenderer()
               ^^^^^^^^^^^^^^
  File "<ipython-input-1-0e1b8b8a1f73>", line 471, in __init__
    self.control_panel = ControlPanel(
                         ^^^^^^^^^^^^^
  File "<ipython-input-1-0e1b8b8a1f73>", line 323, in __init__
    AlgorithmType.PRIM: PrimMazeGenerator(),
                        ^^^^^^^^^^^^^^^^^^^
TypeError: Can't instantiate abstract class PrimMazeGenerator without an implementation for abstract method 'solve'
2024-10-27 01:15:11,838 - INFO - [app.py:86] - Logging system initialized successfully
2024-10-27 01:15:13,075 - ERROR - [app.py:107] - Error in game_loop: Can't instantiate abstract class PrimMazeGenerator without an implementation for abstract method 'solve'
Traceback (most recent call last):
  File "/Users/jookburleson/Documents/GitHub/MVT_Nexus/python-maze-solver/app.py", line 105, in wrapper
    return func(*args, **kwargs)
           ^^^^^^^^^^^^^^^^^^^^^
  File "/Users/jookburleson/Documents/GitHub/MVT_Nexus/python-maze-solver/app.py", line 667, in game_loop
    renderer = MazeRenderer()
               ^^^^^^^^^^^^^^
  File "/Users/jookburleson/Documents/GitHub/MVT_Nexus/python-maze-solver/app.py", line 471, in __init__
    self.control_panel = ControlPanel(
                         ^^^^^^^^^^^^^
  File "/Users/jookburleson/Documents/GitHub/MVT_Nexus/python-maze-solver/app.py", line 323, in __init__
    AlgorithmType.PRIM: PrimMazeGenerator(),
                        ^^^^^^^^^^^^^^^^^^^
TypeError: Can't instantiate abstract class PrimMazeGenerator without an implementation for abstract method 'solve'
2024-10-27 01:16:31,561 - INFO - [app.py:86] - Logging system initialized successfully
2024-10-27 01:16:32,367 - ERROR - [app.py:107] - Error in game_loop: Can't instantiate abstract class PrimMazeGenerator without an implementation for abstract method 'solve'
Traceback (most recent call last):
  File "/Users/jookburleson/Documents/GitHub/MVT_Nexus/python-maze-solver/app.py", line 105, in wrapper
    return func(*args, **kwargs)
           ^^^^^^^^^^^^^^^^^^^^^
  File "/Users/jookburleson/Documents/GitHub/MVT_Nexus/python-maze-solver/app.py", line 667, in game_loop
    renderer = MazeRenderer()
               ^^^^^^^^^^^^^^
  File "/Users/jookburleson/Documents/GitHub/MVT_Nexus/python-maze-solver/app.py", line 471, in __init__
    self.control_panel = ControlPanel(
                         ^^^^^^^^^^^^^
  File "/Users/jookburleson/Documents/GitHub/MVT_Nexus/python-maze-solver/app.py", line 323, in __init__
    AlgorithmType.PRIM: PrimMazeGenerator(),
                        ^^^^^^^^^^^^^^^^^^^
TypeError: Can't instantiate abstract class PrimMazeGenerator without an implementation for abstract method 'solve'
2024-10-27 01:17:56,518 - INFO - [app.py:86] - Logging system initialized successfully
2024-10-27 01:17:57,308 - ERROR - [app.py:107] - Error in game_loop: PrimMazeGenerator() takes no arguments
Traceback (most recent call last):
  File "/Users/jookburleson/Documents/GitHub/MVT_Nexus/python-maze-solver/app.py", line 105, in wrapper
    return func(*args, **kwargs)
           ^^^^^^^^^^^^^^^^^^^^^
  File "/Users/jookburleson/Documents/GitHub/MVT_Nexus/python-maze-solver/app.py", line 671, in game_loop
    renderer = MazeRenderer()
               ^^^^^^^^^^^^^^
  File "/Users/jookburleson/Documents/GitHub/MVT_Nexus/python-maze-solver/app.py", line 475, in __init__
    self.control_panel = ControlPanel(
                         ^^^^^^^^^^^^^
  File "/Users/jookburleson/Documents/GitHub/MVT_Nexus/python-maze-solver/app.py", line 327, in __init__
    AlgorithmType.PRIM: PrimMazeGenerator(default_width, default_height),  # Add width and height
                        ^^^^^^^^^^^^^^^^^^^^^^^^^^^^^^^^^^^^^^^^^^^^^^^^
TypeError: PrimMazeGenerator() takes no arguments
2024-10-27 01:18:51,682 - INFO - [app.py:86] - Logging system initialized successfully
2024-10-27 01:18:52,532 - ERROR - [app.py:107] - Error in game_loop: Can't instantiate abstract class PrimMazeGenerator without an implementation for abstract method 'solve'
Traceback (most recent call last):
  File "/Users/jookburleson/Documents/GitHub/MVT_Nexus/python-maze-solver/app.py", line 105, in wrapper
    return func(*args, **kwargs)
           ^^^^^^^^^^^^^^^^^^^^^
  File "/Users/jookburleson/Documents/GitHub/MVT_Nexus/python-maze-solver/app.py", line 671, in game_loop
    renderer = MazeRenderer()
               ^^^^^^^^^^^^^^
  File "/Users/jookburleson/Documents/GitHub/MVT_Nexus/python-maze-solver/app.py", line 475, in __init__
    self.control_panel = ControlPanel(
                         ^^^^^^^^^^^^^
  File "/Users/jookburleson/Documents/GitHub/MVT_Nexus/python-maze-solver/app.py", line 327, in __init__
    AlgorithmType.PRIM: PrimMazeGenerator(),  # Remove the width and height parameters
                        ^^^^^^^^^^^^^^^^^^^
TypeError: Can't instantiate abstract class PrimMazeGenerator without an implementation for abstract method 'solve'
2024-10-27 01:25:40,046 - INFO - [app.py:73] - Logging system initialized successfully
2024-10-27 01:25:40,922 - ERROR - [app.py:91] - Error in game_loop: Can't instantiate abstract class PrimMazeGenerator without an implementation for abstract method 'solve'
Traceback (most recent call last):
  File "/Users/jookburleson/Documents/GitHub/MVT_Nexus/python-maze-solver/app.py", line 89, in wrapper
    return func(*args, **kwargs)
           ^^^^^^^^^^^^^^^^^^^^^
  File "/Users/jookburleson/Documents/GitHub/MVT_Nexus/python-maze-solver/app.py", line 705, in game_loop
    renderer = MazeRenderer()
               ^^^^^^^^^^^^^^
  File "/Users/jookburleson/Documents/GitHub/MVT_Nexus/python-maze-solver/app.py", line 547, in __init__
    self.control_panel = ControlPanel(
                         ^^^^^^^^^^^^^
  File "/Users/jookburleson/Documents/GitHub/MVT_Nexus/python-maze-solver/app.py", line 416, in __init__
    AlgorithmType.PRIM: PrimMazeGenerator()
                        ^^^^^^^^^^^^^^^^^^^
TypeError: Can't instantiate abstract class PrimMazeGenerator without an implementation for abstract method 'solve'
2024-10-27 01:27:02,353 - INFO - [app.py:73] - Logging system initialized successfully
2024-10-27 01:27:03,332 - ERROR - [app.py:688] - Error in render_frame: 'AlgorithmType' object has no attribute 'display_name'
2024-10-27 01:27:03,332 - ERROR - [app.py:91] - Error in render_frame: 'AlgorithmType' object has no attribute 'display_name'
Traceback (most recent call last):
  File "/Users/jookburleson/Documents/GitHub/MVT_Nexus/python-maze-solver/app.py", line 89, in wrapper
    return func(*args, **kwargs)
           ^^^^^^^^^^^^^^^^^^^^^
  File "/Users/jookburleson/Documents/GitHub/MVT_Nexus/python-maze-solver/app.py", line 662, in render_frame
    renderer.render(state.maze, renderer.screen)
  File "/Users/jookburleson/Documents/GitHub/MVT_Nexus/python-maze-solver/app.py", line 561, in render
    self.control_panel.draw(screen)
  File "/Users/jookburleson/Documents/GitHub/MVT_Nexus/python-maze-solver/app.py", line 466, in draw
    self.algorithm_selector.draw(screen)
  File "/Users/jookburleson/Documents/GitHub/MVT_Nexus/python-maze-solver/app.py", line 296, in draw
    text = state.algorithm.Meta.display_name
           ^^^^^^^^^^^^^^^^^^^^^^^^^^^^^^^^^
AttributeError: 'AlgorithmType' object has no attribute 'display_name'
2024-10-27 01:27:03,334 - ERROR - [app.py:91] - Error in game_loop: 'AlgorithmType' object has no attribute 'display_name'
Traceback (most recent call last):
  File "/Users/jookburleson/Documents/GitHub/MVT_Nexus/python-maze-solver/app.py", line 89, in wrapper
    return func(*args, **kwargs)
           ^^^^^^^^^^^^^^^^^^^^^
  File "/Users/jookburleson/Documents/GitHub/MVT_Nexus/python-maze-solver/app.py", line 721, in game_loop
    render_frame(renderer)
  File "/Users/jookburleson/Documents/GitHub/MVT_Nexus/python-maze-solver/app.py", line 89, in wrapper
    return func(*args, **kwargs)
           ^^^^^^^^^^^^^^^^^^^^^
  File "/Users/jookburleson/Documents/GitHub/MVT_Nexus/python-maze-solver/app.py", line 662, in render_frame
    renderer.render(state.maze, renderer.screen)
  File "/Users/jookburleson/Documents/GitHub/MVT_Nexus/python-maze-solver/app.py", line 561, in render
    self.control_panel.draw(screen)
  File "/Users/jookburleson/Documents/GitHub/MVT_Nexus/python-maze-solver/app.py", line 466, in draw
    self.algorithm_selector.draw(screen)
  File "/Users/jookburleson/Documents/GitHub/MVT_Nexus/python-maze-solver/app.py", line 296, in draw
    text = state.algorithm.Meta.display_name
           ^^^^^^^^^^^^^^^^^^^^^^^^^^^^^^^^^
AttributeError: 'AlgorithmType' object has no attribute 'display_name'
2024-10-27 01:29:39,273 - INFO - [app.py:73] - Logging system initialized successfully
2024-10-27 01:29:45,105 - INFO - [app.py:500] - Generated maze using DFS
